<?xml version="1.0" encoding="UTF-8"?>
<!-- Generated by org.testng.reporters.JUnitReportReporter -->
<testsuite skipped="12" hostname="MSDT066" name="TestCases.HomePageTest" tests="12" failures="0" timestamp="2022-02-18T15:06:41 IST" time="0.000" errors="0">
  <testcase name="validateAdminModuletest" time="0.000" classname="TestCases.HomePageTest">
    <skipped/>
  </testcase> <!-- validateAdminModuletest -->
  <system-out/>
  <testcase name="validatePimtest" time="0.000" classname="TestCases.HomePageTest">
    <skipped/>
  </testcase> <!-- validatePimtest -->
  <system-out/>
  <testcase name="validateLeaveTest" time="0.000" classname="TestCases.HomePageTest">
    <skipped/>
  </testcase> <!-- validateLeaveTest -->
  <system-out/>
  <testcase name="validateTimeTest" time="0.000" classname="TestCases.HomePageTest">
    <skipped/>
  </testcase> <!-- validateTimeTest -->
  <system-out/>
  <testcase name="validateRecruitmentTest" time="0.000" classname="TestCases.HomePageTest">
    <skipped/>
  </testcase> <!-- validateRecruitmentTest -->
  <system-out/>
  <testcase name="validateMyinfoTest" time="0.000" classname="TestCases.HomePageTest">
    <skipped/>
  </testcase> <!-- validateMyinfoTest -->
  <system-out/>
  <testcase name="validatePerformanceTest" time="0.000" classname="TestCases.HomePageTest">
    <skipped/>
  </testcase> <!-- validatePerformanceTest -->
  <system-out/>
  <testcase name="validateDashboardTest" time="0.000" classname="TestCases.HomePageTest">
    <skipped/>
  </testcase> <!-- validateDashboardTest -->
  <system-out/>
  <testcase name="validateDirectoryTest" time="0.000" classname="TestCases.HomePageTest">
    <skipped/>
  </testcase> <!-- validateDirectoryTest -->
  <system-out/>
  <testcase name="validateMaintenanceTest" time="0.000" classname="TestCases.HomePageTest">
    <skipped/>
  </testcase> <!-- validateMaintenanceTest -->
  <system-out/>
  <testcase name="validateBuzzTest" time="0.000" classname="TestCases.HomePageTest">
    <skipped/>
  </testcase> <!-- validateBuzzTest -->
  <system-out/>
  <testcase name="validateLogoutTest" time="0.000" classname="TestCases.HomePageTest">
    <skipped/>
  </testcase> <!-- validateLogoutTest -->
  <system-out/>
</testsuite> <!-- TestCases.HomePageTest -->
